This is pdfTeX, Version 3.1415926-1.40.10 (TeX Live 2009/Debian) (format=pdflatex 2014.11.7)  7 NOV 2014 17:43
entering extended mode
 %&-line parsing enabled.
**cover.tex
(./cover.tex
LaTeX2e <2009/09/24>
Babel <v3.8l> and hyphenation patterns for english, usenglishmax, dumylang, noh
yphenation, loaded.

! LaTeX Error: Environment titlepage undefined.

See the LaTeX manual or LaTeX Companion for explanation.
Type  H <return>  for immediate help.
 ...                                              
                                                  
l.1 \begin{titlepage}
                     
Your command was ignored.
Type  I <command> <return>  to replace it with another command,
or  <return>  to continue without it.


! LaTeX Error: Missing \begin{document}.

See the LaTeX manual or LaTeX Companion for explanation.
Type  H <return>  for immediate help.
 ...                                              
                                                  
l.2 \begin{center}
                  
You're in trouble here.  Try typing  <return>  to proceed.
If that doesn't work, type  X <return>  to quit.


Overfull \hbox (20.0pt too wide) in paragraph at lines 2--2
[] 
 []

! Undefined control sequence.
l.4 {\Huge
           \bfseries
The control sequence at the end of the top line
of your error message was never \def'ed. If you have
misspelled it (e.g., `\hobx'), type `I' and the correct
spelling (e.g., `I\hbox'). Otherwise just continue,
and I'll forget about whatever was undefined.


Overfull \hbox (55.91637pt too wide) in paragraph at lines 5--5
 \OT1/cmr/bx/n/10 Optimizing 
 []


Overfull \hbox (21.27766pt too wide) in paragraph at lines 5--5
 \OT1/cmr/bx/n/10 Join 
 []


Overfull \hbox (23.84709pt too wide) in paragraph at lines 5--5
 \OT1/cmr/bx/n/10 Enu- 
 []


Overfull \hbox (23.42351pt too wide) in paragraph at lines 5--5
 \OT1/cmr/bx/n/10 mer- 
 []


Overfull \hbox (9.42354pt too wide) in paragraph at lines 5--5
 \OT1/cmr/bx/n/10 a- 
 []


Overfull \hbox (19.80545pt too wide) in paragraph at lines 5--5
 \OT1/cmr/bx/n/10 tion 
 []


Overfull \hbox (9.58328pt too wide) in paragraph at lines 6--6
 []\OT1/cmr/bx/n/10 in 
 []


Overfull \hbox (81.10509pt too wide) in paragraph at lines 6--6
 \OT1/cmr/bx/n/10 Transformation- 
 []


Overfull \hbox (28.17482pt too wide) in paragraph at lines 6--6
 \OT1/cmr/bx/n/10 based 
 []


Overfull \hbox (31.10402pt too wide) in paragraph at lines 6--6
 \OT1/cmr/bx/n/10 Query 
 []


Overfull \hbox (18.86101pt too wide) in paragraph at lines 6--6
 \OT1/cmr/bx/n/10 Op- 
 []


Overfull \hbox (11.49994pt too wide) in paragraph at lines 6--6
 \OT1/cmr/bx/n/10 ti- 
 []


Overfull \hbox (21.7221pt too wide) in paragraph at lines 6--6
 \OT1/cmr/bx/n/10 miz- 
 []


Overfull \hbox (14.54298pt too wide) in paragraph at lines 6--6
 \OT1/cmr/bx/n/10 ers 
 []

! Undefined control sequence.
l.11 {\large
             \bfseries
The control sequence at the end of the top line
of your error message was never \def'ed. If you have
misspelled it (e.g., `\hobx'), type `I' and the correct
spelling (e.g., `I\hbox'). Otherwise just continue,
and I'll forget about whatever was undefined.


Overfull \hbox (38.0623pt too wide) in paragraph at lines 12--13
 []\OT1/cmr/bx/n/10 B.Tech. 
 []


Overfull \hbox (37.35399pt too wide) in paragraph at lines 12--13
 \OT1/cmr/bx/n/10 Project 
 []


Overfull \hbox (14.75824pt too wide) in paragraph at lines 12--13
 \OT1/cmr/bx/n/10 1st 
 []


Overfull \hbox (27.47206pt too wide) in paragraph at lines 12--13
 \OT1/cmr/bx/n/10 Stage 
 []


Overfull \hbox (17.72908pt too wide) in paragraph at lines 12--13
 \OT1/cmr/bx/n/10 Re- 
 []


Overfull \hbox (21.66656pt too wide) in paragraph at lines 12--13
 \OT1/cmr/bx/n/10 port 
 []

Missing character: There is no S in font nullfont!
Missing character: There is no u in font nullfont!
Missing character: There is no b in font nullfont!
Missing character: There is no m in font nullfont!
Missing character: There is no i in font nullfont!
Missing character: There is no t in font nullfont!
Missing character: There is no t in font nullfont!
Missing character: There is no e in font nullfont!
Missing character: There is no d in font nullfont!
Missing character: There is no i in font nullfont!
Missing character: There is no n in font nullfont!
Missing character: There is no p in font nullfont!
Missing character: There is no a in font nullfont!
Missing character: There is no r in font nullfont!
Missing character: There is no t in font nullfont!
Missing character: There is no i in font nullfont!
Missing character: There is no a in font nullfont!
Missing character: There is no l in font nullfont!
Missing character: There is no f in font nullfont!
Missing character: There is no u in font nullfont!
Missing character: There is no l in font nullfont!
Missing character: There is no f in font nullfont!
Missing character: There is no i in font nullfont!
Missing character: There is no l in font nullfont!
Missing character: There is no m in font nullfont!
Missing character: There is no e in font nullfont!
Missing character: There is no n in font nullfont!
Missing character: There is no t in font nullfont!
Missing character: There is no o in font nullfont!
Missing character: There is no f in font nullfont!
Missing character: There is no t in font nullfont!
Missing character: There is no h in font nullfont!
Missing character: There is no e in font nullfont!
Missing character: There is no r in font nullfont!
Missing character: There is no e in font nullfont!
Missing character: There is no q in font nullfont!
Missing character: There is no u in font nullfont!
Missing character: There is no i in font nullfont!
Missing character: There is no r in font nullfont!
Missing character: There is no e in font nullfont!
Missing character: There is no m in font nullfont!
Missing character: There is no e in font nullfont!
Missing character: There is no n in font nullfont!
Missing character: There is no t in font nullfont!
Missing character: There is no s in font nullfont!
Missing character: There is no f in font nullfont!
Missing character: There is no o in font nullfont!
Missing character: There is no r in font nullfont!
Missing character: There is no t in font nullfont!
Missing character: There is no h in font nullfont!
Missing character: There is no e in font nullfont!
Missing character: There is no d in font nullfont!
Missing character: There is no e in font nullfont!
Missing character: There is no g in font nullfont!
Missing character: There is no r in font nullfont!
Missing character: There is no e in font nullfont!
Missing character: There is no e in font nullfont!
Missing character: There is no o in font nullfont!
Missing character: There is no f in font nullfont!
! Undefined control sequence.
l.19 {\large
             \bfseries
The control sequence at the end of the top line
of your error message was never \def'ed. If you have
misspelled it (e.g., `\hobx'), type `I' and the correct
spelling (e.g., `I\hbox'). Otherwise just continue,
and I'll forget about whatever was undefined.


Overfull \hbox (43.90254pt too wide) in paragraph at lines 20--21
 []\OT1/cmr/bx/n/10 Bachelor 
 []


Overfull \hbox (9.26384pt too wide) in paragraph at lines 20--21
 \OT1/cmr/bx/n/10 of 
 []


Overfull \hbox (27.32625pt too wide) in paragraph at lines 20--21
 \OT1/cmr/bx/n/10 Tech- 
 []


Overfull \hbox (19.16656pt too wide) in paragraph at lines 20--21
 \OT1/cmr/bx/n/10 nol- 
 []


Overfull \hbox (17.56935pt too wide) in paragraph at lines 20--21
 \OT1/cmr/bx/n/10 ogy 
 []


Overfull \hbox (29.44429pt too wide) in paragraph at lines 20--21
 \OT1/cmr/bx/n/10 (Hon- 
 []


Overfull \hbox (19.49434pt too wide) in paragraph at lines 20--21
 \OT1/cmr/bx/n/10 ors) 
 []


! LaTeX Error: Environment multicols undefined.

See the LaTeX manual or LaTeX Companion for explanation.
Type  H <return>  for immediate help.
 ...                                              
                                                  
l.24 \begin{multicols}
                      {2}
Your command was ignored.
Type  I <command> <return>  to replace it with another command,
or  <return>  to continue without it.

Missing character: There is no 2 in font nullfont!

Overfull \hbox (20.0pt too wide) in paragraph at lines 24--25
[] 
 []

! Undefined control sequence.
l.26 {\large
            
The control sequence at the end of the top line
of your error message was never \def'ed. If you have
misspelled it (e.g., `\hobx'), type `I' and the correct
spelling (e.g., `I\hbox'). Otherwise just continue,
and I'll forget about whatever was undefined.


Overfull \hbox (36.61504pt too wide) in paragraph at lines 27--27
\OT1/cmr/m/it/10 Student:  
 []


Overfull \hbox (21.4721pt too wide) in paragraph at lines 28--28
[]\OT1/cmr/bx/n/10 Anil 
 []


Overfull \hbox (48.71498pt too wide) in paragraph at lines 28--28
\OT1/cmr/bx/n/10 Shanbhag  
 []


Overfull \hbox (20.76378pt too wide) in paragraph at lines 29--31
[]\OT1/cmr/bx/n/10 Roll 
 []


Overfull \hbox (17.94435pt too wide) in paragraph at lines 29--31
\OT1/cmr/bx/n/10 No: 
 []


Overfull \hbox (51.74973pt too wide) in paragraph at lines 29--31
\OT1/cmr/bx/n/10 100050082  
 []

! Undefined control sequence.
l.32 \columnbreak
                 
The control sequence at the end of the top line
of your error message was never \def'ed. If you have
misspelled it (e.g., `\hobx'), type `I' and the correct
spelling (e.g., `I\hbox'). Otherwise just continue,
and I'll forget about whatever was undefined.

! Undefined control sequence.
l.34 {\large
            
The control sequence at the end of the top line
of your error message was never \def'ed. If you have
misspelled it (e.g., `\hobx'), type `I' and the correct
spelling (e.g., `I\hbox'). Otherwise just continue,
and I'll forget about whatever was undefined.


Overfull \hbox (29.52899pt too wide) in paragraph at lines 35--35
 \OT1/cmr/m/it/10 Guide:
 []


Overfull \hbox (16.74992pt too wide) in paragraph at lines 36--38
 []\OT1/cmr/bx/n/10 Dr.
 []


Overfull \hbox (9.58328pt too wide) in paragraph at lines 36--38
 \OT1/cmr/bx/n/10 S.
 []


Overfull \hbox (16.61102pt too wide) in paragraph at lines 36--38
 \OT1/cmr/bx/n/10 Su-
 []


Overfull \hbox (20.5485pt too wide) in paragraph at lines 36--38
 \OT1/cmr/bx/n/10 dar-
 []


Overfull \hbox (22.904pt too wide) in paragraph at lines 36--38
 \OT1/cmr/bx/n/10 shan
 []


! LaTeX Error: \begin{document} ended by \end{multicols}.

See the LaTeX manual or LaTeX Companion for explanation.
Type  H <return>  for immediate help.
 ...                                              
                                                  
l.39 \end{multicols}
                    
Your command was ignored.
Type  I <command> <return>  to replace it with another command,
or  <return>  to continue without it.


Overfull \hbox (20.0pt too wide) in paragraph at lines 43--43
[] 
 []

! Undefined control sequence.
l.44 \includegraphics
                     [width=4cm]{Figures/iitbblack.jpg}~\\[1cm]
The control sequence at the end of the top line
of your error message was never \def'ed. If you have
misspelled it (e.g., `\hobx'), type `I' and the correct
spelling (e.g., `I\hbox'). Otherwise just continue,
and I'll forget about whatever was undefined.

Missing character: There is no [ in font nullfont!
Missing character: There is no w in font nullfont!
Missing character: There is no i in font nullfont!
Missing character: There is no d in font nullfont!
Missing character: There is no t in font nullfont!
Missing character: There is no h in font nullfont!
Missing character: There is no = in font nullfont!
Missing character: There is no 4 in font nullfont!
Missing character: There is no c in font nullfont!
Missing character: There is no m in font nullfont!
Missing character: There is no ] in font nullfont!
Missing character: There is no F in font nullfont!
Missing character: There is no i in font nullfont!
Missing character: There is no g in font nullfont!
Missing character: There is no u in font nullfont!
Missing character: There is no r in font nullfont!
Missing character: There is no e in font nullfont!
Missing character: There is no s in font nullfont!
Missing character: There is no / in font nullfont!
Missing character: There is no i in font nullfont!
Missing character: There is no i in font nullfont!
Missing character: There is no t in font nullfont!
Missing character: There is no b in font nullfont!
Missing character: There is no b in font nullfont!
Missing character: There is no l in font nullfont!
Missing character: There is no a in font nullfont!
Missing character: There is no c in font nullfont!
Missing character: There is no k in font nullfont!
Missing character: There is no . in font nullfont!
Missing character: There is no j in font nullfont!
Missing character: There is no p in font nullfont!
Missing character: There is no g in font nullfont!
! Undefined control sequence.
l.46 {\large
            
The control sequence at the end of the top line
of your error message was never \def'ed. If you have
misspelled it (e.g., `\hobx'), type `I' and the correct
spelling (e.g., `I\hbox'). Otherwise just continue,
and I'll forget about whatever was undefined.

Missing character: There is no D in font nullfont!
Missing character: There is no e in font nullfont!
Missing character: There is no p in font nullfont!
Missing character: There is no a in font nullfont!
Missing character: There is no r in font nullfont!
Missing character: There is no t in font nullfont!
Missing character: There is no m in font nullfont!
Missing character: There is no e in font nullfont!
Missing character: There is no n in font nullfont!
Missing character: There is no t in font nullfont!
Missing character: There is no o in font nullfont!
Missing character: There is no f in font nullfont!
Missing character: There is no C in font nullfont!
Missing character: There is no o in font nullfont!
Missing character: There is no m in font nullfont!
Missing character: There is no p in font nullfont!
Missing character: There is no u in font nullfont!
Missing character: There is no t in font nullfont!
Missing character: There is no e in font nullfont!
Missing character: There is no r in font nullfont!
Missing character: There is no S in font nullfont!
Missing character: There is no c in font nullfont!
Missing character: There is no i in font nullfont!
Missing character: There is no e in font nullfont!
Missing character: There is no n in font nullfont!
Missing character: There is no c in font nullfont!
Missing character: There is no e in font nullfont!
Missing character: There is no a in font nullfont!
Missing character: There is no n in font nullfont!
Missing character: There is no d in font nullfont!
Missing character: There is no E in font nullfont!
Missing character: There is no n in font nullfont!
Missing character: There is no g in font nullfont!
Missing character: There is no i in font nullfont!
Missing character: There is no n in font nullfont!
Missing character: There is no e in font nullfont!
Missing character: There is no e in font nullfont!
Missing character: There is no r in font nullfont!
Missing character: There is no i in font nullfont!
Missing character: There is no n in font nullfont!
Missing character: There is no g in font nullfont!
Missing character: There is no I in font nullfont!
Missing character: There is no n in font nullfont!
Missing character: There is no d in font nullfont!
Missing character: There is no i in font nullfont!
Missing character: There is no a in font nullfont!
Missing character: There is no n in font nullfont!
Missing character: There is no I in font nullfont!
Missing character: There is no n in font nullfont!
Missing character: There is no s in font nullfont!
Missing character: There is no t in font nullfont!
Missing character: There is no i in font nullfont!
Missing character: There is no t in font nullfont!
Missing character: There is no u in font nullfont!
Missing character: There is no t in font nullfont!
Missing character: There is no e in font nullfont!
Missing character: There is no o in font nullfont!
Missing character: There is no f in font nullfont!
Missing character: There is no T in font nullfont!
Missing character: There is no e in font nullfont!
Missing character: There is no c in font nullfont!
Missing character: There is no h in font nullfont!
Missing character: There is no n in font nullfont!
Missing character: There is no o in font nullfont!
Missing character: There is no l in font nullfont!
Missing character: There is no o in font nullfont!
Missing character: There is no g in font nullfont!
Missing character: There is no y in font nullfont!
Missing character: There is no B in font nullfont!
Missing character: There is no o in font nullfont!
Missing character: There is no m in font nullfont!
Missing character: There is no b in font nullfont!
Missing character: There is no a in font nullfont!
Missing character: There is no y in font nullfont!
Missing character: There is no M in font nullfont!
Missing character: There is no u in font nullfont!
Missing character: There is no m in font nullfont!
Missing character: There is no b in font nullfont!
Missing character: There is no a in font nullfont!
Missing character: There is no i in font nullfont!
Missing character: There is no 4 in font nullfont!
Missing character: There is no 0 in font nullfont!
Missing character: There is no 0 in font nullfont!
Missing character: There is no 0 in font nullfont!
Missing character: There is no 7 in font nullfont!
Missing character: There is no 6 in font nullfont!
Missing character: There is no , in font nullfont!
Missing character: There is no I in font nullfont!
Missing character: There is no n in font nullfont!
Missing character: There is no d in font nullfont!
Missing character: There is no i in font nullfont!
Missing character: There is no a in font nullfont!

! LaTeX Error: \begin{document} ended by \end{titlepage}.

See the LaTeX manual or LaTeX Companion for explanation.
Type  H <return>  for immediate help.
 ...                                              
                                                  
l.53 \end{titlepage}
                    
Your command was ignored.
Type  I <command> <return>  to replace it with another command,
or  <return>  to continue without it.

)
! Emergency stop.
<*> cover.tex
             
*** (job aborted, no legal \end found)

 
Here is how much of TeX's memory you used:
 14 strings out of 495061
 213 string characters out of 1182621
 47108 words of memory out of 3000000
 3289 multiletter control sequences out of 15000+50000
 4294 words of font info for 16 fonts, out of 3000000 for 9000
 28 hyphenation exceptions out of 8191
 13i,1n,10p,81b,140s stack positions out of 5000i,500n,10000p,200000b,50000s
!  ==> Fatal error occurred, no output PDF file produced!
