This is pdfTeX, Version 3.1415926-1.40.10 (TeX Live 2009/Debian) (format=pdflatex 2014.11.7)  14 MAY 2015 00:37
entering extended mode
 %&-line parsing enabled.
**main.tex
(./main.tex
LaTeX2e <2009/09/24>
Babel <v3.8l> and hyphenation patterns for english, usenglishmax, dumylang, noh
yphenation, loaded.
(/usr/share/texmf-texlive/tex/latex/base/report.cls
Document Class: report 2007/10/19 v1.4h Standard LaTeX document class
(/usr/share/texmf-texlive/tex/latex/base/size12.clo
File: size12.clo 2007/10/19 v1.4h Standard LaTeX file (size option)
)
\c@part=\count79
\c@chapter=\count80
\c@section=\count81
\c@subsection=\count82
\c@subsubsection=\count83
\c@paragraph=\count84
\c@subparagraph=\count85
\c@figure=\count86
\c@table=\count87
\abovecaptionskip=\skip41
\belowcaptionskip=\skip42
\bibindent=\dimen102
)
(/usr/share/texmf-texlive/tex/latex/graphics/graphicx.sty
Package: graphicx 1999/02/16 v1.0f Enhanced LaTeX Graphics (DPC,SPQR)

(/usr/share/texmf-texlive/tex/latex/graphics/keyval.sty
Package: keyval 1999/03/16 v1.13 key=value parser (DPC)
\KV@toks@=\toks14
)
(/usr/share/texmf-texlive/tex/latex/graphics/graphics.sty
Package: graphics 2009/02/05 v1.0o Standard LaTeX Graphics (DPC,SPQR)

(/usr/share/texmf-texlive/tex/latex/graphics/trig.sty
Package: trig 1999/03/16 v1.09 sin cos tan (DPC)
)
(/etc/texmf/tex/latex/config/graphics.cfg
File: graphics.cfg 2009/08/28 v1.8 graphics configuration of TeX Live
)
Package graphics Info: Driver file: pdftex.def on input line 91.

(/usr/share/texmf-texlive/tex/latex/pdftex-def/pdftex.def
File: pdftex.def 2010/03/12 v0.04p Graphics/color for pdfTeX
\Gread@gobject=\count88
))
\Gin@req@height=\dimen103
\Gin@req@width=\dimen104
)
(/usr/share/texmf-texlive/tex/latex/csquotes/csquotes.sty
Package: csquotes 2009/09/23 v4.4c context-sensitive quotations

(/usr/share/texmf/tex/latex/etoolbox/etoolbox.sty
Package: etoolbox 2011/01/03 v2.1 e-TeX tools for LaTeX

(/usr/share/texmf-texlive/tex/latex/etex-pkg/etex.sty
Package: etex 1998/03/26 v2.0 eTeX basic definition package (PEB)
\et@xins=\count89
)
\etb@tempcnta=\count90
)
\csq@reset=\count91
\csq@gtype=\count92
\csq@glevel=\count93
\csq@qlevel=\count94
\csq@maxlvl=\count95
\csq@tshold=\count96
\csq@ltx@everypar=\toks15

(/usr/share/texmf-texlive/tex/latex/csquotes/csquotes.def
File: csquotes.def 2009/09/23 v4.4c csquotes generic definitions
)
Package csquotes Info: Trying to load configuration file 'csquotes.cfg'...
Package csquotes Info: ... configuration file loaded successfully.

(/usr/share/texmf-texlive/tex/latex/csquotes/csquotes.cfg
File: csquotes.cfg 2009/05/30 v4.4 csquotes configuration
))
(/usr/share/texmf/tex/latex/biblatex/biblatex.sty
Package: biblatex 2011/11/13 v1.7 programmable bibliographies

(/usr/share/texmf/tex/latex/logreq/logreq.sty
Package: logreq 2010/08/04 v1.0 xml request logger
\lrq@indent=\count97

(/usr/share/texmf/tex/latex/logreq/logreq.def
File: logreq.def 2010/08/04 v1.0 logreq spec v1.0
))
(/usr/share/texmf-texlive/tex/latex/base/ifthen.sty
Package: ifthen 2001/05/26 v1.1c Standard LaTeX ifthen package (DPC)
)
(/usr/share/texmf-texlive/tex/latex/ltxmisc/url.sty
\Urlmuskip=\muskip10
Package: url 2006/04/12  ver 3.3  Verb mode for urls, etc.
)
\c@listtotal=\count98
\c@listcount=\count99
\c@liststart=\count100
\c@liststop=\count101
\c@citecount=\count102
\c@citetotal=\count103
\c@multicitecount=\count104
\c@multicitetotal=\count105
\c@instcount=\count106
\c@maxnames=\count107
\c@minnames=\count108
\c@maxitems=\count109
\c@minitems=\count110
\c@citecounter=\count111
\c@savedcitecounter=\count112
\c@uniquelist=\count113
\c@uniquename=\count114
\c@refsection=\count115
\c@refsegment=\count116
\c@maxextrayear=\count117
\c@maxextraalpha=\count118
\c@abbrvpenalty=\count119
\c@highnamepenalty=\count120
\c@lownamepenalty=\count121
\c@maxparens=\count122
\c@parenlevel=\count123
\blx@tempcnta=\count124
\blx@tempcntb=\count125
\blx@tempcntc=\count126
\blx@maxsection=\count127
\blx@maxsegment=\count128
\blx@notetype=\count129
\blx@parenlevel@text=\count130
\blx@parenlevel@foot=\count131
\labelnumberwidth=\skip43
\labelalphawidth=\skip44
\shorthandwidth=\skip45
\biblabelsep=\skip46
\bibitemsep=\skip47
\bibnamesep=\skip48
\bibinitsep=\skip49
\bibparsep=\skip50
\bibhang=\skip51
\blx@auxin=\read1
\blx@auxout=\write3
\c@mincomprange=\count132
\c@maxcomprange=\count133
\c@mincompwidth=\count134
\c@labelname=\count135
\c@savedlabelname=\count136
\c@author=\count137
\c@savedauthor=\count138
\c@shortauthor=\count139
\c@savedshortauthor=\count140
\c@editor=\count141
\c@savededitor=\count142
\c@editora=\count143
\c@savededitora=\count144
\c@editorb=\count145
\c@savededitorb=\count146
\c@editorc=\count147
\c@savededitorc=\count148
\c@shorteditor=\count149
\c@savedshorteditor=\count150
\c@bookauthor=\count151
\c@savedbookauthor=\count152
\c@translator=\count153
\c@savedtranslator=\count154
\c@annotator=\count155
\c@savedannotator=\count156
\c@commentator=\count157
\c@savedcommentator=\count158
\c@introduction=\count159
\c@savedintroduction=\count160
\c@foreword=\count161
\c@savedforeword=\count162
\c@afterword=\count163
\c@savedafterword=\count164
\c@holder=\count165
\c@savedholder=\count166
\c@namea=\count167
\c@savednamea=\count168
\c@nameb=\count169
\c@savednameb=\count170
\c@namec=\count171
\c@savednamec=\count172
\c@institution=\count173
\c@savedinstitution=\count174
\c@language=\count175
\c@savedlanguage=\count176
\c@location=\count177
\c@savedlocation=\count178
\c@organization=\count179
\c@savedorganization=\count180
\c@origlocation=\count181
\c@savedoriglocation=\count182
\c@origpublisher=\count183
\c@savedorigpublisher=\count184
\c@pageref=\count185
\c@savedpageref=\count186
\c@publisher=\count187
\c@savedpublisher=\count188
\c@lista=\count189
\c@savedlista=\count190
\c@listb=\count191
\c@savedlistb=\count192
\c@listc=\count193
\c@savedlistc=\count194
\c@listd=\count195
\c@savedlistd=\count196
\c@liste=\count197
\c@savedliste=\count198
\c@listf=\count199
\c@savedlistf=\count200
Package biblatex Info: Trying to load compatibility code...
Package biblatex Info: ... file 'blx-compat.def' found.

(/usr/share/texmf/tex/latex/biblatex/blx-compat.def
File: blx-compat.def 2011/11/13 v1.7 biblatex generic compatibility
)
Package biblatex Info: Trying to load generic definitions...
Package biblatex Info: ... file 'biblatex.def' found.

(/usr/share/texmf/tex/latex/biblatex/biblatex.def
File: biblatex.def 2011/11/13 v1.7 biblatex generic definitions
\c@biburlnumpenalty=\count201
\c@biburlucpenalty=\count202
\c@biburllcpenalty=\count203
\c@smartand=\count204
)
Package biblatex Info: Trying to load bibliography style 'numeric'...
Package biblatex Info: ... file 'numeric.bbx' found.

(/usr/share/texmf/tex/latex/biblatex/bbx/numeric.bbx
File: numeric.bbx 2011/11/13 v1.7 biblatex bibliography style
Package biblatex Info: Trying to load bibliography style 'standard'...
Package biblatex Info: ... file 'standard.bbx' found.

(/usr/share/texmf/tex/latex/biblatex/bbx/standard.bbx
File: standard.bbx 2011/11/13 v1.7 biblatex bibliography style
))
Package biblatex Info: Trying to load citation style 'numeric'...
Package biblatex Info: ... file 'numeric.cbx' found.

(/usr/share/texmf/tex/latex/biblatex/cbx/numeric.cbx
File: numeric.cbx 2011/11/13 v1.7 biblatex citation style
Package biblatex Info: Redefining '\cite'.
Package biblatex Info: Redefining '\parencite'.
Package biblatex Info: Redefining '\footcite'.
Package biblatex Info: Redefining '\footcitetext'.
Package biblatex Info: Redefining '\smartcite'.
Package biblatex Info: Redefining '\textcite'.
Package biblatex Info: Redefining '\supercite'.
Package biblatex Info: Redefining '\cites'.
Package biblatex Info: Redefining '\parencites'.
Package biblatex Info: Redefining '\smartcites'.
)
Package biblatex Info: Trying to load configuration file...
Package biblatex Info: ... file 'biblatex.cfg' found.

(/usr/share/texmf/tex/latex/biblatex/biblatex.cfg
File: biblatex.cfg 
))
(/usr/share/texmf-texlive/tex/latex/caption/caption.sty
Package: caption 2009/10/09 v3.1k Customizing captions (AR)

(/usr/share/texmf-texlive/tex/latex/caption/caption3.sty
Package: caption3 2009/10/09 v3.1k caption3 kernel (AR)
\captionmargin=\dimen105
\captionmargin@=\dimen106
\captionwidth=\dimen107
\caption@indent=\dimen108
\caption@parindent=\dimen109
\caption@hangindent=\dimen110
)
\c@ContinuedFloat=\count205
)
(/usr/share/texmf-texlive/tex/latex/caption/subcaption.sty
Package: subcaption 2008/08/31 v1.0b Adding subcaptions (AR)
\c@subfigure=\count206
\c@subtable=\count207
)
(/usr/share/texmf-texlive/tex/latex/hyperref/hyperref.sty
Package: hyperref 2009/10/09 v6.79a Hypertext links for LaTeX

(/usr/share/texmf-texlive/tex/generic/oberdiek/ifpdf.sty
Package: ifpdf 2009/04/10 v2.0 Provides the ifpdf switch (HO)
Package ifpdf Info: pdfTeX in pdf mode detected.
)
(/usr/share/texmf-texlive/tex/generic/oberdiek/ifvtex.sty
Package: ifvtex 2008/11/04 v1.4 Switches for detecting VTeX and its modes (HO)
Package ifvtex Info: VTeX not detected.
)
(/usr/share/texmf-texlive/tex/generic/ifxetex/ifxetex.sty
Package: ifxetex 2009/01/23 v0.5 Provides ifxetex conditional
)
(/usr/share/texmf-texlive/tex/latex/oberdiek/hycolor.sty
Package: hycolor 2009/10/02 v1.5 Code for color options of hyperref/bookmark (H
O)

(/usr/share/texmf-texlive/tex/latex/oberdiek/xcolor-patch.sty
Package: xcolor-patch 2009/10/02 xcolor patch
))
\@linkdim=\dimen111
\Hy@linkcounter=\count208
\Hy@pagecounter=\count209

(/usr/share/texmf-texlive/tex/latex/hyperref/pd1enc.def
File: pd1enc.def 2009/10/09 v6.79a Hyperref: PDFDocEncoding definition (HO)
)
(/usr/share/texmf-texlive/tex/generic/oberdiek/etexcmds.sty
Package: etexcmds 2007/12/12 v1.2 Prefix for e-TeX command names (HO)

(/usr/share/texmf-texlive/tex/generic/oberdiek/infwarerr.sty
Package: infwarerr 2007/09/09 v1.2 Providing info/warning/message (HO)
)
Package etexcmds Info: Could not find \expanded.
(etexcmds)             That can mean that you are not using pdfTeX 1.50 or
(etexcmds)             that some package has redefined \expanded.
(etexcmds)             In the latter case, load this package earlier.
)
(/usr/share/texmf-texlive/tex/latex/latexconfig/hyperref.cfg
File: hyperref.cfg 2002/06/06 v1.2 hyperref configuration of TeXLive
)
(/usr/share/texmf-texlive/tex/latex/oberdiek/kvoptions.sty
Package: kvoptions 2009/08/13 v3.4 Keyval support for LaTeX options (HO)

(/usr/share/texmf-texlive/tex/generic/oberdiek/kvsetkeys.sty
Package: kvsetkeys 2009/07/30 v1.5 Key value parser with default handler suppor
t (HO)
))
Package hyperref Info: Hyper figures OFF on input line 2975.
Package hyperref Info: Link nesting OFF on input line 2980.
Package hyperref Info: Hyper index ON on input line 2983.
Package hyperref Info: Plain pages OFF on input line 2990.
Package hyperref Info: Backreferencing OFF on input line 2995.

Implicit mode ON; LaTeX internals redefined
Package hyperref Info: Bookmarks ON on input line 3191.
LaTeX Info: Redefining \url on input line 3428.
(/usr/share/texmf-texlive/tex/generic/oberdiek/bitset.sty
Package: bitset 2007/09/28 v1.0 Data type bit set (HO)

(/usr/share/texmf-texlive/tex/generic/oberdiek/intcalc.sty
Package: intcalc 2007/09/27 v1.1 Expandable integer calculations (HO)
)
(/usr/share/texmf-texlive/tex/generic/oberdiek/bigintcalc.sty
Package: bigintcalc 2007/11/11 v1.1 Expandable big integer calculations (HO)

(/usr/share/texmf-texlive/tex/generic/oberdiek/pdftexcmds.sty
Package: pdftexcmds 2009/09/23 v0.6 LuaTeX support for pdfTeX utility functions
 (HO)

(/usr/share/texmf-texlive/tex/generic/oberdiek/ifluatex.sty
Package: ifluatex 2009/04/17 v1.2 Provides the ifluatex switch (HO)
Package ifluatex Info: LuaTeX not detected.
)
(/usr/share/texmf-texlive/tex/generic/oberdiek/ltxcmds.sty
Package: ltxcmds 2009/08/05 v1.0 Some LaTeX kernel commands for general use (HO
)
)
Package pdftexcmds Info: LuaTeX not detected.
Package pdftexcmds Info: \pdf@primitive is available.
Package pdftexcmds Info: \pdf@ifprimitive is available.
)))
\Fld@menulength=\count210
\Field@Width=\dimen112
\Fld@charsize=\dimen113
\Field@toks=\toks16
Package hyperref Info: Hyper figures OFF on input line 4377.
Package hyperref Info: Link nesting OFF on input line 4382.
Package hyperref Info: Hyper index ON on input line 4385.
Package hyperref Info: backreferencing OFF on input line 4392.
Package hyperref Info: Link coloring OFF on input line 4397.
Package hyperref Info: Link coloring with OCG OFF on input line 4402.
Package hyperref Info: PDF/A mode OFF on input line 4407.

(/usr/share/texmf-texlive/tex/generic/oberdiek/atbegshi.sty
Package: atbegshi 2008/07/31 v1.9 At begin shipout hook (HO)
)
\Hy@abspage=\count211
\c@Item=\count212
\c@Hfootnote=\count213
)
*hyperref using default driver hpdftex*
(/usr/share/texmf-texlive/tex/latex/hyperref/hpdftex.def
File: hpdftex.def 2009/10/09 v6.79a Hyperref driver for pdfTeX
\Fld@listcount=\count214
)
(/usr/share/texmf-texlive/tex/latex/amsfonts/amssymb.sty
Package: amssymb 2009/06/22 v3.00

(/usr/share/texmf-texlive/tex/latex/amsfonts/amsfonts.sty
Package: amsfonts 2009/06/22 v3.00 Basic AMSFonts support
\@emptytoks=\toks17
\symAMSa=\mathgroup4
\symAMSb=\mathgroup5
LaTeX Font Info:    Overwriting math alphabet `\mathfrak' in version `bold'
(Font)                  U/euf/m/n --> U/euf/b/n on input line 96.
))
(/usr/share/texmf-texlive/tex/latex/tools/tabularx.sty
Package: tabularx 1999/01/07 v2.07 `tabularx' package (DPC)

(/usr/share/texmf-texlive/tex/latex/tools/array.sty
Package: array 2008/09/09 v2.4c Tabular extension package (FMi)
\col@sep=\dimen114
\extrarowheight=\dimen115
\NC@list=\toks18
\extratabsurround=\skip52
\backup@length=\skip53
)
\TX@col@width=\dimen116
\TX@old@table=\dimen117
\TX@old@col=\dimen118
\TX@target=\dimen119
\TX@delta=\dimen120
\TX@cols=\count215
\TX@ftn=\toks19
)
(/usr/share/texmf-texlive/tex/latex/tools/multicol.sty
Package: multicol 2008/12/05 v1.6h multicolumn formatting (FMi)
\c@tracingmulticols=\count216
\mult@box=\box26
\multicol@leftmargin=\dimen121
\c@unbalance=\count217
\c@collectmore=\count218
\doublecol@number=\count219
\multicoltolerance=\count220
\multicolpretolerance=\count221
\full@width=\dimen122
\page@free=\dimen123
\premulticols=\dimen124
\postmulticols=\dimen125
\multicolsep=\skip54
\multicolbaselineskip=\skip55
\partial@page=\box27
\last@line=\box28
\mult@rightbox=\box29
\mult@grightbox=\box30
\mult@gfirstbox=\box31
\mult@firstbox=\box32
\@tempa=\box33
\@tempa=\box34
\@tempa=\box35
\@tempa=\box36
\@tempa=\box37
\@tempa=\box38
\@tempa=\box39
\@tempa=\box40
\@tempa=\box41
\@tempa=\box42
\@tempa=\box43
\@tempa=\box44
\@tempa=\box45
\@tempa=\box46
\@tempa=\box47
\@tempa=\box48
\@tempa=\box49
\c@columnbadness=\count222
\c@finalcolumnbadness=\count223
\last@try=\dimen126
\multicolovershoot=\dimen127
\multicolundershoot=\dimen128
\mult@nat@firstbox=\box50
\colbreak@box=\box51
)
(/usr/share/texmf-texlive/tex/latex/algorithmicx/algpseudocode.sty
Package: algpseudocode 

(/usr/share/texmf-texlive/tex/latex/algorithmicx/algorithmicx.sty
Package: algorithmicx 2005/04/27 v1.2 Algorithmicx

Document Style algorithmicx 1.2 - a greatly improved `algorithmic' style
\c@ALG@line=\count224
\c@ALG@rem=\count225
\c@ALG@nested=\count226
\ALG@tlm=\skip56
\ALG@thistlm=\skip57
\c@ALG@Lnr=\count227
\c@ALG@blocknr=\count228
\c@ALG@storecount=\count229
\c@ALG@tmpcounter=\count230
\ALG@tmplength=\skip58
)
Document Style - pseudocode environments for use with the `algorithmicx' style
) (/usr/share/texmf-texlive/tex/latex/amscls/amsthm.sty
Package: amsthm 2004/08/06 v2.20
\thm@style=\toks20
\thm@bodyfont=\toks21
\thm@headfont=\toks22
\thm@notefont=\toks23
\thm@headpunct=\toks24
\thm@preskip=\skip59
\thm@postskip=\skip60
\thm@headsep=\skip61
\dth@everypar=\toks25
)
(/usr/share/texmf-texlive/tex/latex/algorithms/algorithm.sty
Package: algorithm 2009/08/24 v0.1 Document Style `algorithm' - floating enviro
nment

(/usr/share/texmf-texlive/tex/latex/float/float.sty
Package: float 2001/11/08 v1.3d Float enhancements (AL)
\c@float@type=\count231
\float@exts=\toks26
\float@box=\box52
\@float@everytoks=\toks27
\@floatcapt=\box53
)
\@float@every@algorithm=\toks28
\c@algorithm=\count232
)
\c@thm=\count233

(/usr/share/texmf-texlive/tex/latex/listings/listings.sty
Normal \count register pool exhausted, switching to extended pool.
\lst@mode=\count277
\lst@gtempboxa=\box54
\lst@token=\toks29
\lst@length=\count278
\lst@currlwidth=\dimen129
\lst@column=\count279
\lst@pos=\count280
\lst@lostspace=\dimen130
\lst@width=\dimen131
\lst@newlines=\count281
\lst@lineno=\count282
\lst@maxwidth=\dimen132

(/usr/share/texmf-texlive/tex/latex/listings/lstmisc.sty
File: lstmisc.sty 2007/02/22 1.4 (Carsten Heinz)
\c@lstnumber=\count283
\lst@skipnumbers=\count284
\lst@framebox=\box55
)
(/usr/share/texmf-texlive/tex/latex/listings/listings.cfg
File: listings.cfg 2007/02/22 1.4 listings configuration
))
Package: listings 2007/02/22 1.4 (Carsten Heinz)

(/usr/share/texmf-texlive/tex/latex/graphics/color.sty
Package: color 2005/11/14 v1.0j Standard LaTeX Color (DPC)

(/etc/texmf/tex/latex/config/color.cfg
File: color.cfg 2007/01/18 v1.5 color configuration of teTeX/TeXLive
)
Package color Info: Driver file: pdftex.def on input line 130.
)
(/usr/share/texmf-texlive/tex/latex/listings/lstlang1.sty
File: lstlang1.sty 2004/09/05 1.3 listings language file
)
Package biblatex Info: Trying to load language 'english'...
Package biblatex Info: ... file 'english.lbx' found.

(/usr/share/texmf/tex/latex/biblatex/lbx/english.lbx
File: english.lbx 2011/11/13 v1.7 biblatex localization
)
\@quotereset=\count285
 (./main.aux (./cover.aux) (./abstract.aux) (./contents.aux) (./Chapters/introd
uction.aux)
(./Chapters/chapter2.aux) (./Chapters/chapter3.aux) (./Chapters/chapter4.aux

LaTeX Warning: Label `fig:nullpointeranalysis' multiply defined.


LaTeX Warning: Label `fig:nullpointeranalysis' multiply defined.


LaTeX Warning: Label `fig:nullpointeranalysis' multiply defined.


LaTeX Warning: Label `fig:nullpointeranalysis' multiply defined.


LaTeX Warning: Label `fig:nullpointeranalysis' multiply defined.


LaTeX Warning: Label `fig:nullpointeranalysis' multiply defined.

) (./Chapters/chapter_new1.aux

LaTeX Warning: Label `fig:threadidanalysis' multiply defined.


LaTeX Warning: Label `fig:threadidanalysis' multiply defined.

) (./Chapters/chapter_new2.aux

LaTeX Warning: Label `fig:ch5example' multiply defined.


LaTeX Warning: Label `fig:ch5example' multiply defined.


LaTeX Warning: Label `fig:ch5example' multiply defined.


LaTeX Warning: Label `fig:ch5example' multiply defined.


LaTeX Warning: Label `fig:ch5example' multiply defined.


LaTeX Warning: Label `fig:ch5example' multiply defined.


LaTeX Warning: Label `fig:ch5example' multiply defined.


LaTeX Warning: Label `fig:ch5example' multiply defined.

) (./Chapters/chapter5.aux) (./Chapters/conclusion.aux) (./references.aux))
\openout1 = `main.aux'.

LaTeX Font Info:    Checking defaults for OML/cmm/m/it on input line 60.
LaTeX Font Info:    ... okay on input line 60.
LaTeX Font Info:    Checking defaults for T1/cmr/m/n on input line 60.
LaTeX Font Info:    ... okay on input line 60.
LaTeX Font Info:    Checking defaults for OT1/cmr/m/n on input line 60.
LaTeX Font Info:    ... okay on input line 60.
LaTeX Font Info:    Checking defaults for OMS/cmsy/m/n on input line 60.
LaTeX Font Info:    ... okay on input line 60.
LaTeX Font Info:    Checking defaults for OMX/cmex/m/n on input line 60.
LaTeX Font Info:    ... okay on input line 60.
LaTeX Font Info:    Checking defaults for U/cmr/m/n on input line 60.
LaTeX Font Info:    ... okay on input line 60.
LaTeX Font Info:    Checking defaults for PD1/pdf/m/n on input line 60.
LaTeX Font Info:    ... okay on input line 60.

(/usr/share/texmf-texlive/tex/context/base/supp-pdf.mkii
[Loading MPS to PDF converter (version 2006.09.02).]
\scratchcounter=\count286
\scratchdimen=\dimen133
\scratchbox=\box56
\nofMPsegments=\count287
\nofMParguments=\count288
\everyMPshowfont=\toks30
\MPscratchCnt=\count289
\MPscratchDim=\dimen134
\MPnumerator=\count290
\everyMPtoPDFconversion=\toks31
)
Package biblatex Info: No input encoding detected.
(biblatex)             Assuming 'ascii'.
Package biblatex Info: Automatic encoding selection.
(biblatex)             Assuming data encoding 'ascii'.
\openout3 = `main-blx.bib'.

Package biblatex Info: Trying to load bibliographic data...
Package biblatex Info: ... file 'main.bbl' found.
 (./main.bbl

Package biblatex Warning: BibTeX reported the following issues
(biblatex)                with 'sootguide':
(biblatex)                - Invalid format of field 'month'.

)
Package biblatex Info: Reference section=0 on input line 60.
Package biblatex Info: Reference segment=0 on input line 60.
Package caption Info: Begin \AtBeginDocument code.
Package caption Info: float package is loaded.
Package caption Info: hyperref package is loaded.
Package caption Info: listings package is loaded.
Package caption Info: End \AtBeginDocument code.
Package hyperref Info: Link coloring OFF on input line 60.
 (/usr/share/texmf-texlive/tex/latex/hyperref/nameref.sty
Package: nameref 2007/05/29 v2.31 Cross-referencing by name of section

(/usr/share/texmf-texlive/tex/latex/oberdiek/refcount.sty
Package: refcount 2008/08/11 v3.1 Data extraction from references (HO)
)
\c@section@level=\count291
)
LaTeX Info: Redefining \ref on input line 60.
LaTeX Info: Redefining \pageref on input line 60.
 (./main.out)
(./main.out)
\@outlinefile=\write4
\openout4 = `main.out'.

\AtBeginShipoutBox=\box57
\c@lstlisting=\count292
\openout2 = `cover.aux'.

 (./cover.tex
<Figures/iitbblack.jpg, id=143, 150.5625pt x 144.2991pt>
File: Figures/iitbblack.jpg Graphic file (type jpg)

<use Figures/iitbblack.jpg> [1


{/var/lib/texmf/fonts/map/pdftex/updmap/pdftex.map} <./Figures/iitbblack.jpg>])
\openout2 = `abstract.aux'.

 (./abstract.tex)pdfTeX warning (ext4): destination with the same identifier (n
ame{page.i}) has been already used, duplicate ignored
<to be read again> 
                   \relax 
l.63 \include{abstract}
                        [1



]
\openout2 = `contents.aux'.

 (./contents.tex (./main.toc
LaTeX Font Info:    Try loading font information for U+msa on input line 5.

(/usr/share/texmf-texlive/tex/latex/amsfonts/umsa.fd
File: umsa.fd 2009/06/22 v3.00 AMS symbols A
)
LaTeX Font Info:    Try loading font information for U+msb on input line 5.

(/usr/share/texmf-texlive/tex/latex/amsfonts/umsb.fd
File: umsb.fd 2009/06/22 v3.00 AMS symbols B
) [2



])
\tf@toc=\write5
\openout5 = `main.toc'.

) [3]
\openout2 = `Chapters/introduction.aux'.


(./Chapters/introduction.tex
Chapter 1.

Underfull \hbox (badness 10000) in paragraph at lines 5--6

 []


Underfull \hbox (badness 10000) in paragraph at lines 12--13

 []

LaTeX Font Info:    Try loading font information for OMS+cmr on input line 16.
(/usr/share/texmf-texlive/tex/latex/base/omscmr.fd
File: omscmr.fd 1999/05/25 v2.5h Standard LaTeX font definitions
)
LaTeX Font Info:    Font shape `OMS/cmr/m/n' in size <12> not available
(Font)              Font shape `OMS/cmsy/m/n' tried instead on input line 16.
 [1



]
Underfull \hbox (badness 10000) in paragraph at lines 27--29

 []


Underfull \hbox (badness 10000) in paragraph at lines 30--33

 []

[2]
Underfull \hbox (badness 10000) in paragraph at lines 57--58

 []


Underfull \hbox (badness 10000) in paragraph at lines 59--60

 []


Underfull \hbox (badness 10000) in paragraph at lines 61--62

 []


Underfull \hbox (badness 10000) in paragraph at lines 63--64

 []


Underfull \hbox (badness 10000) in paragraph at lines 65--66

 []


Underfull \hbox (badness 10000) in paragraph at lines 67--68

 []


Underfull \hbox (badness 10000) in paragraph at lines 69--70

 []


Underfull \hbox (badness 10000) in paragraph at lines 71--72

 []

) [3]
\openout2 = `Chapters/chapter2.aux'.

 (./Chapters/chapter2.tex
Chapter 2.

Underfull \hbox (badness 10000) in paragraph at lines 7--8

 []


Underfull \hbox (badness 10000) in paragraph at lines 19--20

 []

[4



]
Underfull \hbox (badness 10000) in paragraph at lines 21--22

 []


Underfull \hbox (badness 10000) in paragraph at lines 23--24

 []


Underfull \hbox (badness 10000) in paragraph at lines 25--27

 []


Underfull \hbox (badness 10000) in paragraph at lines 63--64

 []

[5]
Underfull \hbox (badness 10000) in paragraph at lines 65--66

 []


Underfull \hbox (badness 10000) in paragraph at lines 67--68

 []

<Figures/rsz_points_to_graph.png, id=231, 336.25626pt x 132.495pt>
File: Figures/rsz_points_to_graph.png Graphic file (type png)

<use Figures/rsz_points_to_graph.png>
Underfull \hbox (badness 10000) in paragraph at lines 78--79

 []

<Figures/hra_access_path.png, id=232, 538.01pt x 259.97125pt>
File: Figures/hra_access_path.png Graphic file (type png)

<use Figures/hra_access_path.png>
Underfull \hbox (badness 10000) in paragraph at lines 87--89

 []

[6 <./Figures/rsz_points_to_graph.png (PNG copy)>]
<Figures/heap_summarization_liveness.png, id=241, 417.56pt x 250.9375pt>
File: Figures/heap_summarization_liveness.png Graphic file (type png)

<use Figures/heap_summarization_liveness.png>) [7 <./Figures/hra_access_path.pn
g> <./Figures/heap_summarization_liveness.png>]
\openout2 = `Chapters/chapter3.aux'.

 (./Chapters/chapter3.tex
Chapter 3.

Underfull \hbox (badness 10000) in paragraph at lines 3--4

 []


Underfull \hbox (badness 10000) in paragraph at lines 7--9

 []


Underfull \hbox (badness 10000) in paragraph at lines 14--16

 []

[8



]
Underfull \hbox (badness 10000) in paragraph at lines 17--18

 []

<Figures/callgraph.png, id=257, 548.0475pt x 356.33125pt>
File: Figures/callgraph.png Graphic file (type png)

<use Figures/callgraph.png> [9 <./Figures/callgraph.png>]
Underfull \hbox (badness 10000) in paragraph at lines 31--32

 []

[10]
Overfull \hbox (344.82536pt too wide) in paragraph at lines 60--60
[]\OT1/cmtt/m/n/12 // Callsites are appended to the current call string before 
making call f and g are pointers to nodes in a linked list.[] 
 []


Underfull \hbox (badness 10000) in paragraph at lines 65--66

 []


Underfull \hbox (badness 10000) in paragraph at lines 67--70

 []

[11] <Figures/interproc_example.png, id=276, 574.145pt x 381.425pt>
File: Figures/interproc_example.png Graphic file (type png)

<use Figures/interproc_example.png>
Underfull \hbox (badness 10000) in paragraph at lines 84--85

 []


Underfull \hbox (badness 10000) in paragraph at lines 86--87

 []

[12 <./Figures/interproc_example.png>]
Underfull \hbox (badness 10000) in paragraph at lines 88--89

 []


Underfull \hbox (badness 10000) in paragraph at lines 90--91

 []

) [13]
\openout2 = `Chapters/chapter4.aux'.

 (./Chapters/chapter4.tex
Chapter 4.

Underfull \hbox (badness 10000) in paragraph at lines 3--4

 []


Underfull \hbox (badness 10000) in paragraph at lines 5--6

 []


Underfull \hbox (badness 10000) in paragraph at lines 9--10

 []

[14



]
Underfull \hbox (badness 10000) in paragraph at lines 11--12

 []

<Figures/sync_threads.png, id=294, 426.59375pt x 271.0125pt>
File: Figures/sync_threads.png Graphic file (type png)

<use Figures/sync_threads.png>
<Figures/sync_no_lock.png, id=295, 416.55624pt x 238.8925pt>
File: Figures/sync_no_lock.png Graphic file (type png)

<use Figures/sync_no_lock.png>
Underfull \hbox (badness 10000) in paragraph at lines 47--48

 []

[15]
Underfull \hbox (badness 10000) in paragraph at lines 49--50

 []

[16 <./Figures/sync_threads.png> <./Figures/sync_no_lock.png>]
Underfull \hbox (badness 10000) in paragraph at lines 64--65

 []


Underfull \hbox (badness 10000) in paragraph at lines 66--67

 []

<Figures/concurrent_analysis.png, id=314, 618.31pt x 361.35pt>
File: Figures/concurrent_analysis.png Graphic file (type png)

<use Figures/concurrent_analysis.png>
Underfull \hbox (badness 10000) in paragraph at lines 76--78

 []

[17]
Underfull \hbox (badness 10000) in paragraph at lines 83--84

 []

[18 <./Figures/concurrent_analysis.png>]
Underfull \hbox (badness 10000) in paragraph at lines 85--86

 []


Underfull \hbox (badness 10000) in paragraph at lines 87--88

 []

<Figures/conc_analysis_itr1.png, id=328, 618.31pt x 346.29375pt>
File: Figures/conc_analysis_itr1.png Graphic file (type png)

<use Figures/conc_analysis_itr1.png>
<Figures/conc_analysis_itr2.png, id=329, 729.72626pt x 349.305pt>
File: Figures/conc_analysis_itr2.png Graphic file (type png)

<use Figures/conc_analysis_itr2.png>
<Figures/conc_analysis_itr3.png, id=330, 785.93625pt x 349.305pt>
File: Figures/conc_analysis_itr3.png Graphic file (type png)

<use Figures/conc_analysis_itr3.png>
<Figures/conc_analysis_itr4.png, id=331, 815.045pt x 349.305pt>
File: Figures/conc_analysis_itr4.png Graphic file (type png)

<use Figures/conc_analysis_itr4.png>
<Figures/conc_analysis_incorrect.png, id=332, 628.3475pt x 339.2675pt>
File: Figures/conc_analysis_incorrect.png Graphic file (type png)

<use Figures/conc_analysis_incorrect.png>
<Figures/hra_live_concurrent.png, id=333, 357.335pt x 476.78125pt>
File: Figures/hra_live_concurrent.png Graphic file (type png)

<use Figures/hra_live_concurrent.png>) [19 <./Figures/conc_analysis_itr1.png>]
[20 <./Figures/conc_analysis_itr2.png> <./Figures/conc_analysis_itr3.png> <./Fi
gures/conc_analysis_itr4.png>] [21 <./Figures/conc_analysis_incorrect.png> <./F
igures/hra_live_concurrent.png>]
\openout2 = `Chapters/chapter_new1.aux'.

 (./Chapters/chapter_new1.tex
Chapter 5.

Underfull \hbox (badness 10000) in paragraph at lines 3--4

 []

File: Figures/conc_analysis_itr4.png Graphic file (type png)
<use Figures/conc_analysis_itr4.png>
LaTeX Font Info:    Font shape `OMS/cmr/m/it' in size <12> not available
(Font)              Font shape `OMS/cmsy/m/n' tried instead on input line 13.

Underfull \hbox (badness 10000) in paragraph at lines 13--14

 []


Underfull \hbox (badness 10000) in paragraph at lines 15--16

 []

[22



]
Underfull \hbox (badness 10000) in paragraph at lines 19--20

 []


Underfull \hbox (badness 10000) in paragraph at lines 29--30

 []

[23] <Figures/conc_analysis_thr_itr3.jpg, id=369, 815.045pt x 349.305pt>
File: Figures/conc_analysis_thr_itr3.jpg Graphic file (type jpg)

<use Figures/conc_analysis_thr_itr3.jpg>
Underfull \hbox (badness 10000) in paragraph at lines 40--41

 []


Underfull \hbox (badness 10000) in paragraph at lines 42--43

 []

[24 <./Figures/conc_analysis_thr_itr3.jpg>]
Underfull \hbox (badness 10000) in paragraph at lines 44--45

 []

<Figures/rsz_loop_inside.png, id=375, 1620.0525pt x 711.65875pt>
File: Figures/rsz_loop_inside.png Graphic file (type png)

<use Figures/rsz_loop_inside.png>
Underfull \hbox (badness 10000) in paragraph at lines 53--54

 []

<Figures/rsz_loop_outside.png, id=376, 1581.91pt x 714.67pt>
File: Figures/rsz_loop_outside.png Graphic file (type png)

<use Figures/rsz_loop_outside.png>
Underfull \hbox (badness 10000) in paragraph at lines 62--63

 []

) [25 <./Figures/rsz_loop_inside.png (PNG copy)>] [26 <./Figures/rsz_loop_outsi
de.png (PNG copy)>]
\openout2 = `Chapters/chapter_new2.aux'.

 (./Chapters/chapter_new2.tex
Chapter 6.

Underfull \hbox (badness 10000) in paragraph at lines 3--4

 []


Underfull \hbox (badness 10000) in paragraph at lines 5--6

 []


Underfull \hbox (badness 10000) in paragraph at lines 7--8

 []

<Figures/access_graph_rep.png, id=387, 1514.65875pt x 470.75874pt>
File: Figures/access_graph_rep.png Graphic file (type png)

<use Figures/access_graph_rep.png>
Underfull \hbox (badness 10000) in paragraph at lines 17--18

 []

[27



]
Underfull \hbox (badness 10000) in paragraph at lines 19--20

 []


Underfull \hbox (badness 10000) in paragraph at lines 21--22

 []


Underfull \hbox (badness 10000) in paragraph at lines 27--28

 []


Underfull \hbox (badness 10000) in paragraph at lines 29--30

 []

[28 <./Figures/access_graph_rep.png (PNG copy)>]
<Figures/tree1.png, id=398, 1552.80125pt x 629.35126pt>
File: Figures/tree1.png Graphic file (type png)

<use Figures/tree1.png>
Underfull \hbox (badness 10000) in paragraph at lines 38--39

 []

<Figures/tree2.png, id=399, 1499.6025pt x 651.43375pt>
File: Figures/tree2.png Graphic file (type png)
 <use Figures/tree2.png>
Underfull \hbox (badness 10000) in paragraph at lines 47--48

 []

<Figures/tree3.png, id=400, 1483.5425pt x 619.31375pt>
File: Figures/tree3.png Graphic file (type png)
 <use Figures/tree3.png>
Underfull \hbox (badness 10000) in paragraph at lines 56--57

 []

[29 <./Figures/tree1.png (PNG copy)> <./Figures/tree2.png (PNG copy)>]
<Figures/tree4.png, id=407, 1527.7075pt x 616.3025pt>
File: Figures/tree4.png Graphic file (type png)
 <use Figures/tree4.png>
Underfull \hbox (badness 10000) in paragraph at lines 65--66

 []


Underfull \hbox (badness 10000) in paragraph at lines 67--68

 []

[30 <./Figures/tree3.png (PNG copy)> <./Figures/tree4.png (PNG copy)>]
Underfull \hbox (badness 10000) in paragraph at lines 73--74

 []

[31]
Underfull \hbox (badness 10000) in paragraph at lines 75--76

 []

LaTeX Font Info:    Try loading font information for OML+cmr on input line 78.
(/usr/share/texmf-texlive/tex/latex/base/omlcmr.fd
File: omlcmr.fd 1999/05/25 v2.5h Standard LaTeX font definitions
)
LaTeX Font Info:    Font shape `OML/cmr/m/n' in size <12> not available
(Font)              Font shape `OML/cmm/m/it' tried instead on input line 78.

Underfull \hbox (badness 10000) in paragraph at lines 77--79

 []


Underfull \hbox (badness 10000) in paragraph at lines 80--81

 []

[32] <Figures/automata_rep.png, id=423, 474.77374pt x 444.66125pt>
File: Figures/automata_rep.png Graphic file (type png)

<use Figures/automata_rep.png>
<Figures/automata_state.png, id=424, 650.43pt x 305.14pt>
File: Figures/automata_state.png Graphic file (type png)

<use Figures/automata_state.png>
<Figures/automata_conv.png, id=425, 947.54pt x 921.4425pt>
File: Figures/automata_conv.png Graphic file (type png)

<use Figures/automata_conv.png>) [33 <./Figures/automata_rep.png (PNG copy)> <.
/Figures/automata_state.png (PNG copy)>] [34 <./Figures/automata_conv.png (PNG 
copy)>]
\openout2 = `Chapters/chapter5.aux'.

 (./Chapters/chapter5.tex
Chapter 7.

Underfull \hbox (badness 10000) in paragraph at lines 3--4

 []


Underfull \hbox (badness 10000) in paragraph at lines 5--6

 []

[35



]
Overfull \hbox (6.12082pt too wide) in paragraph at lines 13--15
\OT1/cmr/m/it/12 java [-cp CLASS-PATH] vasco.callgraph.CallGraphTest [-out DIR]
 [-k DEPTH]
 []


Underfull \hbox (badness 10000) in paragraph at lines 13--15

 []


Underfull \hbox (badness 10000) in paragraph at lines 41--49

 []


Underfull \hbox (badness 10000) in paragraph at lines 52--53

 []

[36]
Underfull \hbox (badness 10000) in paragraph at lines 54--58

 []

[37] <Figures/combined-cfg.png, id=495, 950.55125pt x 2213.26875pt>
File: Figures/combined-cfg.png Graphic file (type png)

<use Figures/combined-cfg.png>) [38] [39 <./Figures/combined-cfg.png (PNG copy)
>]
\openout2 = `Chapters/conclusion.aux'.

 (./Chapters/conclusion.tex
Chapter 8.
[40



]) [41]
\openout2 = `references.aux'.

 (./references.tex
Missing character: There is no â in font cmr12!
Missing character: There is no € in font cmr12!
Missing character: There is no ™ in font cmr12!
) [42



] (./main.aux (./cover.aux) (./abstract.aux)
(./contents.aux) (./Chapters/introduction.aux) (./Chapters/chapter2.aux)
(./Chapters/chapter3.aux) (./Chapters/chapter4.aux)
(./Chapters/chapter_new1.aux) (./Chapters/chapter_new2.aux)
(./Chapters/chapter5.aux) (./Chapters/conclusion.aux) (./references.aux))

LaTeX Warning: There were multiply-defined labels.

Package logreq Info: Writing requests to 'main.run.xml'.
\openout1 = `main.run.xml'.

 ) 
Here is how much of TeX's memory you used:
 13109 strings out of 495061
 205839 string characters out of 1182621
 405587 words of memory out of 3000000
 15811 multiletter control sequences out of 15000+50000
 12092 words of font info for 45 fonts, out of 3000000 for 9000
 28 hyphenation exceptions out of 8191
 38i,7n,51p,2144b,1707s stack positions out of 5000i,500n,10000p,200000b,50000s
</usr/share/texmf-texlive/fonts/type1/public/amsfonts/cm/cmbx12.pfb></usr/sha
re/texmf-texlive/fonts/type1/public/amsfonts/cm/cmmi12.pfb></usr/share/texmf-te
xlive/fonts/type1/public/amsfonts/cm/cmmi8.pfb></usr/share/texmf-texlive/fonts/
type1/public/amsfonts/cm/cmr12.pfb></usr/share/texmf-texlive/fonts/type1/public
/amsfonts/cm/cmr8.pfb></usr/share/texmf-texlive/fonts/type1/public/amsfonts/cm/
cmsy10.pfb></usr/share/texmf-texlive/fonts/type1/public/amsfonts/cm/cmsy8.pfb><
/usr/share/texmf-texlive/fonts/type1/public/amsfonts/cm/cmti12.pfb></usr/share/
texmf-texlive/fonts/type1/public/amsfonts/cm/cmti8.pfb></usr/share/texmf-texliv
e/fonts/type1/public/amsfonts/cm/cmtt10.pfb></usr/share/texmf-texlive/fonts/typ
e1/public/amsfonts/cm/cmtt12.pfb>
Output written on main.pdf (46 pages, 922934 bytes).
PDF statistics:
 618 PDF objects out of 1000 (max. 8388607)
 187 named destinations out of 1000 (max. 500000)
 416 words of extra memory for PDF output out of 10000 (max. 10000000)

