\BOOKMARK [0][-]{chapter.1}{Introduction}{}
\BOOKMARK [1][-]{section.1.1}{Background on Program Analysis}{chapter.1}
\BOOKMARK [1][-]{section.1.2}{Types of Data Flow Analysis}{chapter.1}
\BOOKMARK [1][-]{section.1.3}{Inter-Procedural Analysis}{chapter.1}
\BOOKMARK [1][-]{section.1.4}{Concurrency}{chapter.1}
\BOOKMARK [1][-]{section.1.5}{Problem Statement}{chapter.1}
\BOOKMARK [1][-]{section.1.6}{Organization of the Report}{chapter.1}
\BOOKMARK [0][-]{chapter.2}{Heap Reference Analysis}{}
\BOOKMARK [1][-]{section.2.1}{Difficulties in Analysis of Heap Data}{chapter.2}
\BOOKMARK [1][-]{section.2.2}{Pointer Analysis}{chapter.2}
\BOOKMARK [1][-]{section.2.3}{Heap Reference Analysis}{chapter.2}
\BOOKMARK [0][-]{chapter.3}{Inter-Procedural Analysis}{}
\BOOKMARK [1][-]{section.3.1}{Context Sensitivity}{chapter.3}
\BOOKMARK [1][-]{section.3.2}{Call Graph}{chapter.3}
\BOOKMARK [1][-]{section.3.3}{Approaches to Inter-procedural Analysis}{chapter.3}
\BOOKMARK [2][-]{subsection.3.3.1}{Functional approach}{section.3.3}
\BOOKMARK [2][-]{subsection.3.3.2}{Call Strings Approach}{section.3.3}
\BOOKMARK [2][-]{subsection.3.3.3}{Value Context Method}{section.3.3}
\BOOKMARK [1][-]{section.3.4}{Example of value context method}{chapter.3}
\BOOKMARK [0][-]{chapter.4}{Analysis for Concurrent Programs}{}
\BOOKMARK [1][-]{section.4.1}{Memory Model and Data Races}{chapter.4}
\BOOKMARK [1][-]{section.4.2}{Concurrent analysis technique}{chapter.4}
\BOOKMARK [1][-]{section.4.3}{Concurrent Heap Liveness Analysis}{chapter.4}
\BOOKMARK [0][-]{chapter.5}{Problem with the Concurrent Analysis Method}{}
\BOOKMARK [0][-]{chapter.6}{Design of the Analysis}{}
\BOOKMARK [1][-]{section.6.1}{Call Graph Generation}{chapter.6}
\BOOKMARK [1][-]{section.6.2}{Combined Unit Graph}{chapter.6}
\BOOKMARK [1][-]{section.6.3}{VASCO framework}{chapter.6}
\BOOKMARK [0][-]{chapter.7}{Conclusion and Future Work}{}
\BOOKMARK [0][-]{chapter*.20}{Bibliography}{}
